<?xml version="1.0" encoding="UTF-8"?>
<!-- Generated by org.testng.reporters.JUnitReportReporter -->
<testsuite hostname="DESKTOP-QJF0UON" failures="0" tests="1" name="com.NeoStox.TestCases.DashboardPageTest" time="0.452" errors="0" timestamp="01 Feb 2023 14:43:02 GMT" skipped="0">
  <testcase classname="com.NeoStox.TestCases.DashboardPageTest" name="ExpandAndCollapse" time="0.452"/>
</testsuite> <!-- com.NeoStox.TestCases.DashboardPageTest -->
